<?xml version="1.0" encoding="UTF-8"?>
<!-- Generated by org.testng.reporters.JUnitXMLReporter -->
<testsuite ignored="0" hostname="DESKTOP-SV0FD2F" failures="0" tests="6" name="Default test" time="9.179" errors="0" timestamp="08 Jul 2024 11:38:32 GMT">
  <testcase classname="com.JSON.ReadandWrite.AuthenticationLoginpage" name="login" time="4.271"/>
  <testcase classname="com.JSON.ReadandWrite.AuthenticationLoginpage" name="addAddress" time="1.207"/>
  <testcase classname="com.JSON.ReadandWrite.AuthenticationLoginpage" name="updateAddress" time="0.971"/>
  <testcase classname="com.JSON.ReadandWrite.AuthenticationLoginpage" name="getUpdatedAddress" time="1.154"/>
  <testcase classname="com.JSON.ReadandWrite.AuthenticationLoginpage" name="deleteAddress" time="0.718"/>
  <testcase classname="com.JSON.ReadandWrite.AuthenticationLoginpage" name="stateList" time="0.735"/>
</testsuite> <!-- Default test -->
