<?xml version="1.0" encoding="UTF-8"?>
<testng-results ignored="0" total="6" passed="6" failed="0" skipped="0">
  <reporter-output>
  </reporter-output>
  <suite started-at="2024-07-08T11:38:22Z" name="Default suite" finished-at="2024-07-08T11:38:32Z" duration-ms="9179">
    <groups>
    </groups>
    <test started-at="2024-07-08T11:38:22Z" name="Default test" finished-at="2024-07-08T11:38:32Z" duration-ms="9179">
      <class name="com.JSON.ReadandWrite.AuthenticationLoginpage">
        <test-method signature="login()[pri:1, instance:com.JSON.ReadandWrite.AuthenticationLoginpage@35645047]" started-at="2024-07-08T11:38:22Z" name="login" finished-at="2024-07-08T11:38:27Z" duration-ms="4271" status="PASS">
          <reporter-output>
          </reporter-output>
        </test-method> <!-- login -->
        <test-method signature="addAddress()[pri:2, instance:com.JSON.ReadandWrite.AuthenticationLoginpage@35645047]" started-at="2024-07-08T11:38:27Z" name="addAddress" finished-at="2024-07-08T11:38:28Z" duration-ms="1207" status="PASS">
          <reporter-output>
          </reporter-output>
        </test-method> <!-- addAddress -->
        <test-method signature="updateAddress()[pri:3, instance:com.JSON.ReadandWrite.AuthenticationLoginpage@35645047]" started-at="2024-07-08T11:38:28Z" name="updateAddress" finished-at="2024-07-08T11:38:29Z" duration-ms="971" status="PASS">
          <reporter-output>
          </reporter-output>
        </test-method> <!-- updateAddress -->
        <test-method signature="getUpdatedAddress()[pri:4, instance:com.JSON.ReadandWrite.AuthenticationLoginpage@35645047]" started-at="2024-07-08T11:38:29Z" name="getUpdatedAddress" finished-at="2024-07-08T11:38:30Z" duration-ms="1154" status="PASS">
          <reporter-output>
          </reporter-output>
        </test-method> <!-- getUpdatedAddress -->
        <test-method signature="deleteAddress()[pri:5, instance:com.JSON.ReadandWrite.AuthenticationLoginpage@35645047]" started-at="2024-07-08T11:38:30Z" name="deleteAddress" finished-at="2024-07-08T11:38:31Z" duration-ms="718" status="PASS">
          <reporter-output>
          </reporter-output>
        </test-method> <!-- deleteAddress -->
        <test-method signature="stateList()[pri:6, instance:com.JSON.ReadandWrite.AuthenticationLoginpage@35645047]" started-at="2024-07-08T11:38:31Z" name="stateList" finished-at="2024-07-08T11:38:32Z" duration-ms="735" status="PASS">
          <reporter-output>
          </reporter-output>
        </test-method> <!-- stateList -->
      </class> <!-- com.JSON.ReadandWrite.AuthenticationLoginpage -->
    </test> <!-- Default test -->
  </suite> <!-- Default suite -->
</testng-results>
